<?xml version="1.0" encoding="UTF-8"?>
<testng-results ignored="0" total="2" passed="2" failed="0" skipped="0">
  <reporter-output>
  </reporter-output>
  <suite started-at="2024-08-15T11:29:01 CEST" name="Master Suite" finished-at="2024-08-15T11:30:34 CEST" duration-ms="92804">
    <groups>
      <group name="Sanity">
        <method signature="TC001_AccountRegistrationTest.verify_account_registration()[pri:0, instance:testCases.TC001_AccountRegistrationTest@6865c751]" name="verify_account_registration" class="testCases.TC001_AccountRegistrationTest"/>
        <method signature="TC004_SearchProductTest.verifySearchProduct()[pri:0, instance:testCases.TC004_SearchProductTest@1d71006f]" name="verifySearchProduct" class="testCases.TC004_SearchProductTest"/>
      </group> <!-- Sanity -->
      <group name="Regression">
        <method signature="TC001_AccountRegistrationTest.verify_account_registration()[pri:0, instance:testCases.TC001_AccountRegistrationTest@6865c751]" name="verify_account_registration" class="testCases.TC001_AccountRegistrationTest"/>
      </group> <!-- Regression -->
    </groups>
    <test started-at="2024-08-15T11:29:01 CEST" name="Test" finished-at="2024-08-15T11:30:34 CEST" duration-ms="92804">
      <class name="testCases.TC004_SearchProductTest">
        <test-method is-config="true" signature="setUp(java.lang.String,java.lang.String)[pri:0, instance:testCases.TC004_SearchProductTest@1d71006f]" started-at="2024-08-15T11:29:58 CEST" name="setUp" finished-at="2024-08-15T11:30:01 CEST" duration-ms="3359" status="PASS">
          <params>
            <param index="0">
              <value>
                <![CDATA[windows]]>
              </value>
            </param>
            <param index="1">
              <value>
                <![CDATA[chrome]]>
              </value>
            </param>
          </params>
          <reporter-output>
          </reporter-output>
        </test-method> <!-- setUp -->
        <test-method signature="verifySearchProduct()[pri:0, instance:testCases.TC004_SearchProductTest@1d71006f]" started-at="2024-08-15T11:30:01 CEST" name="verifySearchProduct" finished-at="2024-08-15T11:30:33 CEST" duration-ms="31663" status="PASS">
          <reporter-output>
          </reporter-output>
        </test-method> <!-- verifySearchProduct -->
        <test-method is-config="true" signature="tearDown()[pri:0, instance:testCases.TC004_SearchProductTest@1d71006f]" started-at="2024-08-15T11:30:33 CEST" name="tearDown" finished-at="2024-08-15T11:30:34 CEST" duration-ms="420" status="PASS">
          <reporter-output>
          </reporter-output>
        </test-method> <!-- tearDown -->
      </class> <!-- testCases.TC004_SearchProductTest -->
      <class name="testCases.TC001_AccountRegistrationTest">
        <test-method is-config="true" signature="setUp(java.lang.String,java.lang.String)[pri:0, instance:testCases.TC001_AccountRegistrationTest@6865c751]" started-at="2024-08-15T11:29:01 CEST" name="setUp" finished-at="2024-08-15T11:29:46 CEST" duration-ms="44580" status="PASS">
          <params>
            <param index="0">
              <value>
                <![CDATA[windows]]>
              </value>
            </param>
            <param index="1">
              <value>
                <![CDATA[chrome]]>
              </value>
            </param>
          </params>
          <reporter-output>
          </reporter-output>
        </test-method> <!-- setUp -->
        <test-method signature="verify_account_registration()[pri:0, instance:testCases.TC001_AccountRegistrationTest@6865c751]" started-at="2024-08-15T11:29:46 CEST" name="verify_account_registration" finished-at="2024-08-15T11:29:58 CEST" duration-ms="11973" status="PASS">
          <reporter-output>
          </reporter-output>
        </test-method> <!-- verify_account_registration -->
        <test-method is-config="true" signature="tearDown()[pri:0, instance:testCases.TC001_AccountRegistrationTest@6865c751]" started-at="2024-08-15T11:29:58 CEST" name="tearDown" finished-at="2024-08-15T11:29:58 CEST" duration-ms="339" status="PASS">
          <reporter-output>
          </reporter-output>
        </test-method> <!-- tearDown -->
      </class> <!-- testCases.TC001_AccountRegistrationTest -->
    </test> <!-- Test -->
  </suite> <!-- Master Suite -->
</testng-results>
